<?xml version="1.0" encoding="UTF-8"?>
<!-- Generated by org.testng.reporters.JUnitReportReporter -->
<testsuite hostname="INBASDLP01735" name="testNGTestCases.TestNGScriptForWebDriverDemoWithFireFox" tests="1" failures="0" timestamp="29 Jan 2016 11:54:09 GMT" time="50.810" errors="0">
  <testcase name="verifyHomePageTitle" time="50.810" classname="testNGTestCases.TestNGScriptForWebDriverDemoWithFireFox"/>
</testsuite> <!-- testNGTestCases.TestNGScriptForWebDriverDemoWithFireFox -->
